<?xml version="1.0" encoding="UTF-8"?>
<testng-results skipped="0" failed="0" ignored="0" total="1" passed="1">
  <reporter-output>
  </reporter-output>
  <suite name="Default suite" duration-ms="24345" started-at="2019-03-31T17:12:27Z" finished-at="2019-03-31T17:12:51Z">
    <groups>
    </groups>
    <test name="Default test" duration-ms="24345" started-at="2019-03-31T17:12:27Z" finished-at="2019-03-31T17:12:51Z">
      <class name="Test.RegisterTest">
        <test-method status="PASS" signature="TestSuite()[pri:0, instance:Test.RegisterTest@7dc7cbad]" name="TestSuite" is-config="true" duration-ms="8" started-at="2019-03-31T17:12:27Z" finished-at="2019-03-31T17:12:27Z">
          <reporter-output>
          </reporter-output>
        </test-method> <!-- TestSuite -->
        <test-method status="PASS" signature="setUp()[pri:0, instance:Test.RegisterTest@7dc7cbad]" name="setUp" is-config="true" duration-ms="14564" started-at="2019-03-31T17:12:27Z" finished-at="2019-03-31T17:12:41Z">
          <reporter-output>
          </reporter-output>
        </test-method> <!-- setUp -->
        <test-method status="PASS" signature="submitWithInputEmpty()[pri:0, instance:Test.RegisterTest@7dc7cbad]" name="submitWithInputEmpty" duration-ms="7564" started-at="2019-03-31T17:12:41Z" finished-at="2019-03-31T17:12:49Z">
          <reporter-output>
          </reporter-output>
        </test-method> <!-- submitWithInputEmpty -->
        <test-method status="PASS" signature="close()[pri:0, instance:Test.RegisterTest@7dc7cbad]" name="close" is-config="true" duration-ms="2158" started-at="2019-03-31T17:12:49Z" finished-at="2019-03-31T17:12:51Z">
          <reporter-output>
          </reporter-output>
        </test-method> <!-- close -->
      </class> <!-- Test.RegisterTest -->
    </test> <!-- Default test -->
  </suite> <!-- Default suite -->
</testng-results>
